{"C:\\Users\\dilbar_akkaya\\Documents\\node_tasks\\node_tasks\\src\\config.ts": {"path":"C:\\Users\\dilbar_akkaya\\Documents\\node_tasks\\node_tasks\\src\\config.ts","statementMap":{"0":{"start":{"line":1,"column":13},"end":{"line":1,"column":70}},"1":{"start":{"line":3,"column":13},"end":{"line":3,"column":60}}},"fnMap":{},"branchMap":{},"s":{"0":3,"1":3},"f":{},"b":{}}
,"C:\\Users\\dilbar_akkaya\\Documents\\node_tasks\\node_tasks\\src\\helpers.ts": {"path":"C:\\Users\\dilbar_akkaya\\Documents\\node_tasks\\node_tasks\\src\\helpers.ts","statementMap":{"0":{"start":{"line":1,"column":0},"end":{"line":1,"column":47}},"1":{"start":{"line":4,"column":24},"end":{"line":6,"column":1}},"2":{"start":{"line":5,"column":2},"end":{"line":5,"column":47}},"3":{"start":{"line":8,"column":21},"end":{"line":10,"column":1}},"4":{"start":{"line":9,"column":2},"end":{"line":9,"column":43}},"5":{"start":{"line":12,"column":29},"end":{"line":22,"column":1}},"6":{"start":{"line":13,"column":2},"end":{"line":15,"column":3}},"7":{"start":{"line":14,"column":4},"end":{"line":14,"column":79}},"8":{"start":{"line":17,"column":2},"end":{"line":19,"column":3}},"9":{"start":{"line":18,"column":4},"end":{"line":18,"column":72}},"10":{"start":{"line":21,"column":2},"end":{"line":21,"column":14}},"11":{"start":{"line":12,"column":13},"end":{"line":12,"column":29}},"12":{"start":{"line":24,"column":36},"end":{"line":30,"column":1}},"13":{"start":{"line":25,"column":2},"end":{"line":29,"column":4}},"14":{"start":{"line":24,"column":13},"end":{"line":24,"column":36}}},"fnMap":{"0":{"name":"(anonymous_0)","decl":{"start":{"line":4,"column":24},"end":{"line":4,"column":25}},"loc":{"start":{"line":4,"column":44},"end":{"line":6,"column":1}}},"1":{"name":"(anonymous_1)","decl":{"start":{"line":8,"column":21},"end":{"line":8,"column":22}},"loc":{"start":{"line":8,"column":38},"end":{"line":10,"column":1}}},"2":{"name":"(anonymous_2)","decl":{"start":{"line":12,"column":29},"end":{"line":12,"column":30}},"loc":{"start":{"line":12,"column":88},"end":{"line":22,"column":1}}},"3":{"name":"(anonymous_3)","decl":{"start":{"line":24,"column":36},"end":{"line":24,"column":37}},"loc":{"start":{"line":24,"column":83},"end":{"line":30,"column":1}}}},"branchMap":{"0":{"loc":{"start":{"line":13,"column":2},"end":{"line":15,"column":3}},"type":"if","locations":[{"start":{"line":13,"column":2},"end":{"line":15,"column":3}}]},"1":{"loc":{"start":{"line":13,"column":6},"end":{"line":13,"column":42}},"type":"binary-expr","locations":[{"start":{"line":13,"column":6},"end":{"line":13,"column":13}},{"start":{"line":13,"column":17},"end":{"line":13,"column":42}}]},"2":{"loc":{"start":{"line":17,"column":2},"end":{"line":19,"column":3}},"type":"if","locations":[{"start":{"line":17,"column":2},"end":{"line":19,"column":3}}]},"3":{"loc":{"start":{"line":17,"column":6},"end":{"line":17,"column":33}},"type":"binary-expr","locations":[{"start":{"line":17,"column":6},"end":{"line":17,"column":10}},{"start":{"line":17,"column":14},"end":{"line":17,"column":33}}]}},"s":{"0":3,"1":3,"2":13,"3":3,"4":7,"5":3,"6":13,"7":1,"8":12,"9":1,"10":11,"11":3,"12":3,"13":24,"14":3},"f":{"0":13,"1":7,"2":13,"3":24},"b":{"0":[1],"1":[13,13],"2":[1],"3":[12,7]}}
,"C:\\Users\\dilbar_akkaya\\Documents\\node_tasks\\node_tasks\\src\\services\\public-holidays.service.ts": {"path":"C:\\Users\\dilbar_akkaya\\Documents\\node_tasks\\node_tasks\\src\\services\\public-holidays.service.ts","statementMap":{"0":{"start":{"line":1,"column":0},"end":{"line":1,"column":26}},"1":{"start":{"line":2,"column":0},"end":{"line":2,"column":52}},"2":{"start":{"line":3,"column":0},"end":{"line":3,"column":65}},"3":{"start":{"line":8,"column":39},"end":{"line":19,"column":1}},"4":{"start":{"line":9,"column":2},"end":{"line":9,"column":35}},"5":{"start":{"line":11,"column":2},"end":{"line":18,"column":3}},"6":{"start":{"line":12,"column":37},"end":{"line":13,"column":null}},"7":{"start":{"line":15,"column":4},"end":{"line":15,"column":74}},"8":{"start":{"line":15,"column":43},"end":{"line":15,"column":72}},"9":{"start":{"line":17,"column":4},"end":{"line":17,"column":14}},"10":{"start":{"line":8,"column":13},"end":{"line":8,"column":39}},"11":{"start":{"line":21,"column":43},"end":{"line":30,"column":1}},"12":{"start":{"line":22,"column":2},"end":{"line":22,"column":29}},"13":{"start":{"line":24,"column":2},"end":{"line":29,"column":3}},"14":{"start":{"line":25,"column":23},"end":{"line":25,"column":117}},"15":{"start":{"line":26,"column":4},"end":{"line":26,"column":26}},"16":{"start":{"line":28,"column":4},"end":{"line":28,"column":17}},"17":{"start":{"line":21,"column":13},"end":{"line":21,"column":43}},"18":{"start":{"line":32,"column":37},"end":{"line":43,"column":1}},"19":{"start":{"line":33,"column":2},"end":{"line":33,"column":29}},"20":{"start":{"line":35,"column":2},"end":{"line":42,"column":3}},"21":{"start":{"line":36,"column":37},"end":{"line":37,"column":null}},"22":{"start":{"line":39,"column":4},"end":{"line":39,"column":74}},"23":{"start":{"line":39,"column":43},"end":{"line":39,"column":72}},"24":{"start":{"line":41,"column":4},"end":{"line":41,"column":14}},"25":{"start":{"line":32,"column":13},"end":{"line":32,"column":37}}},"fnMap":{"0":{"name":"(anonymous_1)","decl":{"start":{"line":8,"column":39},"end":{"line":8,"column":44}},"loc":{"start":{"line":8,"column":110},"end":{"line":19,"column":1}}},"1":{"name":"(anonymous_2)","decl":{"start":{"line":15,"column":30},"end":{"line":15,"column":31}},"loc":{"start":{"line":15,"column":43},"end":{"line":15,"column":72}}},"2":{"name":"(anonymous_3)","decl":{"start":{"line":21,"column":43},"end":{"line":21,"column":48}},"loc":{"start":{"line":21,"column":69},"end":{"line":30,"column":1}}},"3":{"name":"(anonymous_4)","decl":{"start":{"line":32,"column":37},"end":{"line":32,"column":42}},"loc":{"start":{"line":32,"column":94},"end":{"line":43,"column":1}}},"4":{"name":"(anonymous_5)","decl":{"start":{"line":39,"column":30},"end":{"line":39,"column":31}},"loc":{"start":{"line":39,"column":43},"end":{"line":39,"column":72}}}},"branchMap":{},"s":{"0":2,"1":2,"2":2,"3":2,"4":2,"5":2,"6":2,"7":2,"8":12,"9":0,"10":2,"11":2,"12":3,"13":3,"14":3,"15":3,"16":0,"17":2,"18":2,"19":2,"20":2,"21":2,"22":2,"23":11,"24":0,"25":2},"f":{"0":2,"1":12,"2":3,"3":2,"4":11},"b":{}}
}
