TN:
SF:src\config.ts
FNF:0
FNH:0
DA:1,3
DA:3,3
LF:2
LH:2
BRF:0
BRH:0
end_of_record
TN:
SF:src\helpers.ts
FN:4,(anonymous_0)
FN:8,(anonymous_1)
FN:12,(anonymous_2)
FN:24,(anonymous_3)
FNF:4
FNH:4
FNDA:13,(anonymous_0)
FNDA:7,(anonymous_1)
FNDA:13,(anonymous_2)
FNDA:24,(anonymous_3)
DA:1,3
DA:4,3
DA:5,13
DA:8,3
DA:9,7
DA:12,3
DA:13,13
DA:14,1
DA:17,12
DA:18,1
DA:21,11
DA:24,3
DA:25,24
LF:13
LH:13
BRDA:13,0,0,1
BRDA:13,1,0,13
BRDA:13,1,1,13
BRDA:17,2,0,1
BRDA:17,3,0,12
BRDA:17,3,1,7
BRF:6
BRH:6
end_of_record
TN:
SF:src\services\public-holidays.service.ts
FN:8,(anonymous_1)
FN:15,(anonymous_2)
FN:21,(anonymous_3)
FN:32,(anonymous_4)
FN:39,(anonymous_5)
FNF:5
FNH:5
FNDA:2,(anonymous_1)
FNDA:12,(anonymous_2)
FNDA:3,(anonymous_3)
FNDA:2,(anonymous_4)
FNDA:11,(anonymous_5)
DA:1,2
DA:2,2
DA:3,2
DA:8,2
DA:9,2
DA:11,2
DA:12,2
DA:15,12
DA:17,0
DA:21,2
DA:22,3
DA:24,3
DA:25,3
DA:26,3
DA:28,0
DA:32,2
DA:33,2
DA:35,2
DA:36,2
DA:39,11
DA:41,0
LF:21
LH:18
BRF:0
BRH:0
end_of_record
